Main Function with logger : Logger(dir=temp_dir, use-tf=False, writer=None)
Arguments : -------------------------------
data_path        : /home/dylan/Desktop/dataset/cifar10
dataset          : cifar10
sample_strategy  : None
arch_learning_rate : 0.0003
arch_weight_decay : 0.001
tau_min          : 0.1
tau_max          : 10.0
workers          : 2
save_dir         : temp_dir
print_freq       : None
rand_seed        : 1
Python  Version  : 3.9.7 (default, Sep 16 2021, 13:09:58)  [GCC 7.5.0]
Pillow  Version  : 9.0.1
PyTorch Version  : 1.10.2+cu113
cuDNN   Version  : 8200
CUDA available   : True
CUDA GPU numbers : 1
CUDA_VISIBLE_DEVICES : None
